<?xml version="1.0" encoding="ISO-8859-1" standalone="no"?>
<!DOCTYPE database SYSTEM "http://jakarta.apache.org/turbine/dtd/database.dtd">
<!-- this schema is used to test problems users reported -->

<database name="@DATABASE_DEFAULT@" defaultIdMethod="idbroker">
  <!-- TRQS15 -->
  <table name="varchar_pk">
    <column name="test_key" required="true" primaryKey="true" type="VARCHAR" size="30" />
  </table>

  <!-- TRQS17 -->
  <table name="timestamp_pk">
    <column name="test_key" required="true" primaryKey="true" type="TIMESTAMP" />
    <column name="col_a" type="TIMESTAMP" />
    <!-- TRQS28 -->
    <column name="col_b" type="BOOLEANINT" javaType="object" />
    <column name="col_c" type="BOOLEANCHAR" javaType="object" />
    <!-- TRQ2 -->
    <column name="remote" type="CHAR" size="10"/>
  </table>

  <!-- TRQ12 with multiple pks, combo key parse fails -->
  <table name="multi_pk" idMethod="none">
    <column name="pk1" required="true" primaryKey="true" type="VARCHAR" size="30" />
    <column name="pk2" required="true" primaryKey="true" type="INTEGER" />
    <column name="pk3" required="true" primaryKey="true" type="CHAR" size="5" />
    <column name="col_a" type="BOOLEANINT" />
    <column name="col_b" type="BOOLEANINT" javaType="object" />
  </table>

  <!-- TRQS77 -->
  <table name="course">
    <column name="id" required="true" primaryKey="true" type="INTEGER" />
    <column name="col_a" type="CHAR" size="5" />
  </table>

  <table name="course_number" description="Number for a course">
    <column name="course_id" required="true" type="INTEGER"/>
    <column name="number" required="true" type="INTEGER"/>

    <foreign-key foreignTable="course"
     onDelete="cascade" onUpdate="cascade">
      <reference local="course_id" foreign="id"/>
    </foreign-key>
  </table>

  <table name="course_number1" description="Number for a course">
    <column name="number" required="true" type="INTEGER"/>
    <column name="course_id" required="true" type="INTEGER"/>

    <foreign-key foreignTable="course"
     onDelete="cascade" onUpdate="cascade">
      <reference local="course_id" foreign="id"/>
    </foreign-key>
  </table>


</database>

