<?xml version="1.0" encoding="ISO-8859-1" standalone="no"?>
<!DOCTYPE database SYSTEM "http://jakarta.apache.org/turbine/dtd/database_3_1.dtd">
<!-- this schema is used to test problems users reported -->

<database name="@DATABASE_DEFAULT@" defaultIdMethod="idbroker" package="org.apache.torque.test">

  <external-schema filename="ext-schema.xml" />

  <!-- TRQS15 -->
  <table name="varchar_pk">
    <column name="test_key" required="true" primaryKey="true" type="VARCHAR" size="30" />
  </table>

  <!-- TRQS17 -->
  <table name="timestamp_pk">
    <column name="test_key" required="true" primaryKey="true" type="TIMESTAMP" />
    <column name="col_a" type="TIMESTAMP" />
    <!-- TRQS28 -->
    <column name="col_b" type="BOOLEANINT" javaType="object" />
    <column name="col_c" type="BOOLEANCHAR" javaType="object" />
    <!-- TRQ2 -->
    <column name="remote" type="CHAR" size="10"/>
  </table>

  <!-- TRQ12 with multiple pks, combo key parse fails -->
  <table name="multi_pk" idMethod="none">
    <column name="pk1" required="true" primaryKey="true" type="VARCHAR" size="30" />
    <column name="pk2" required="true" primaryKey="true" type="INTEGER" />
    <column name="pk3" required="true" primaryKey="true" type="CHAR" size="5" />
    <column name="col_a" type="BOOLEANINT" />
    <column name="col_b" type="BOOLEANINT" javaType="object" />
  </table>

  <!-- TRQS77 -->
  <table name="course">
    <column name="id" required="true" primaryKey="true" type="INTEGER" />
    <column name="col_a" type="CHAR" size="5" />
  </table>

  <table name="course_number" description="Number for a course">
    <column name="course_id" required="true" type="INTEGER"/>
    <column name="course_num" required="true" type="INTEGER"/>

    <foreign-key foreignTable="course"
     onDelete="cascade" onUpdate="cascade">
      <reference local="course_id" foreign="id"/>
    </foreign-key>
  </table>

  <table name="course_number1" description="Number for a course">
    <column name="course_num" required="true" type="INTEGER"/>
    <column name="course_id" required="true" type="INTEGER"/>

    <foreign-key foreignTable="course"
     onDelete="cascade" onUpdate="cascade">
      <reference local="course_id" foreign="id"/>
    </foreign-key>
  </table>

  <!-- reference to external schema -->
  <table name="ext_schema">
    <column name="ext_schema_id" required="true" primaryKey="true" type="INTEGER"/>
    <column name="ext_id" type="INTEGER"/>
    <column name="test" required="true" type="INTEGER"/>

    <foreign-key foreignTable="ext">
      <reference local="ext_id" foreign="ext_id"/>
    </foreign-key>
  </table>

  <table name="extext_schema">
    <column name="extext_schema_id" required="true" primaryKey="true" type="INTEGER"/>
    <column name="extext_id" type="INTEGER"/>
    <column name="test" required="true" type="INTEGER"/>

    <foreign-key foreignTable="extext">
      <reference local="extext_id" foreign="extext_id"/>
    </foreign-key>
  </table>

  <!-- TRQS118 primary key of type FLOAT -->
  <table name="float_pk">
    <column name="test_key" required="true" primaryKey="true" type="FLOAT" />
  </table>

  <!-- TRQS143 Generated OM will not compile if table name is Base --> 
  <table name="BASE" javaName="BaseTable">
    <column name="BASE_ID_CODE" primaryKey="true" required="true"
            size="22" type="DECIMAL" javaName="Id"/>
    <column name="BASE_NAME" size="100" type="VARCHAR" javaName="Title"/>
    <column name="BASE_STATE_CODE" size="2" type="VARCHAR"/>
    <column name="BASE_ZIP_CODE" size="10" type="VARCHAR"/>
    <column name="DATA_MODIFIED_ID_CODE" size="22" type="DECIMAL"/>
    <column name="DATA_MODIFIED_DATE" type="TIMESTAMP"/>
    <column name="DATA_CREATOR_ID_CODE" size="22" type="DECIMAL"/>
    <column name="DATA_CREATOR_DATE" type="TIMESTAMP"/>
    <column name="DATA_TRANSFER_CODE" size="1" type="VARCHAR"/>
    <column name="BASE_ADDRESS_TEXT" size="2000" type="VARCHAR"/>
    <column name="BASE_TYPE_TEXT" size="100" type="VARCHAR"/>
    <column name="START_DATE" type="TIMESTAMP"/>
    <column name="END_DATE" type="TIMESTAMP"/>
  </table>
</database>
